<?xml version="1.0" encoding="UTF-8"?>
<!-- Generated by org.testng.reporters.JUnitXMLReporter -->
<testsuite ignored="0" hostname="TIRNA_SIL" failures="0" tests="5" name="Default test" time="146.277" errors="0" timestamp="2024-07-02T11:53:34 IST">
  <testcase classname="Demo.OrangeHr" name="dologinwithInvalidCrdential" time="9.414"/>
  <testcase classname="Demo.OrangeHr" name="LoginTestWithValidCredential" time="5.284"/>
  <testcase classname="Demo.OrangeHr" name="addEmployee" time="17.804"/>
  <testcase classname="Demo.OrangeHr" name="searchemployeebyname" time="14.613"/>
  <testcase classname="Demo.OrangeHr" name="ListEmployees" time="23.333"/>
</testsuite> <!-- Default test -->
