<?xml version="1.0" encoding="UTF-8"?>
<!-- Generated by org.testng.reporters.JUnitXMLReporter -->
<testsuite ignored="0" hostname="TIRNA_SIL" failures="0" tests="5" name="Default test" time="76.66" errors="0" timestamp="2024-06-26T21:15:17 IST">
  <testcase classname="Demo.OrangeHr" name="dologinwithInvalidCrdential" time="4.293"/>
  <testcase classname="Demo.OrangeHr" name="LoginTestWithValidCredential" time="7.584"/>
  <testcase classname="Demo.OrangeHr" name="addEmployee" time="14.625"/>
  <testcase classname="Demo.OrangeHr" name="searchemployeebyname" time="13.675"/>
  <testcase classname="Demo.OrangeHr" name="ListEmployees" time="23.598"/>
</testsuite> <!-- Default test -->
