<?xml version="1.0" encoding="UTF-8"?>
<testng-results ignored="0" total="5" passed="5" failed="0" skipped="0">
  <reporter-output>
  </reporter-output>
  <suite started-at="2024-07-02T11:51:08 IST" name="Default suite" finished-at="2024-07-02T11:53:34 IST" duration-ms="146277">
    <groups>
    </groups>
    <test started-at="2024-07-02T11:51:08 IST" name="Default test" finished-at="2024-07-02T11:53:34 IST" duration-ms="146277">
      <class name="Demo.OrangeHr">
        <test-method is-config="true" signature="setup()[pri:0, instance:Demo.OrangeHr@6fdbe764]" started-at="2024-07-02T11:51:08 IST" name="setup" finished-at="2024-07-02T11:52:18 IST" duration-ms="70287" status="PASS">
          <reporter-output>
          </reporter-output>
        </test-method> <!-- setup -->
        <test-method signature="dologinwithInvalidCrdential()[pri:1, instance:Demo.OrangeHr@6fdbe764]" started-at="2024-07-02T11:52:18 IST" name="dologinwithInvalidCrdential" finished-at="2024-07-02T11:52:28 IST" duration-ms="9414" status="PASS">
          <reporter-output>
          </reporter-output>
        </test-method> <!-- dologinwithInvalidCrdential -->
        <test-method signature="LoginTestWithValidCredential()[pri:2, instance:Demo.OrangeHr@6fdbe764]" started-at="2024-07-02T11:52:28 IST" name="LoginTestWithValidCredential" finished-at="2024-07-02T11:52:33 IST" duration-ms="5284" status="PASS">
          <reporter-output>
          </reporter-output>
        </test-method> <!-- LoginTestWithValidCredential -->
        <test-method signature="addEmployee()[pri:3, instance:Demo.OrangeHr@6fdbe764]" started-at="2024-07-02T11:52:33 IST" name="addEmployee" finished-at="2024-07-02T11:52:51 IST" duration-ms="17804" status="PASS">
          <reporter-output>
          </reporter-output>
        </test-method> <!-- addEmployee -->
        <test-method signature="searchemployeebyname()[pri:4, instance:Demo.OrangeHr@6fdbe764]" started-at="2024-07-02T11:52:51 IST" name="searchemployeebyname" finished-at="2024-07-02T11:53:05 IST" duration-ms="14613" status="PASS">
          <reporter-output>
          </reporter-output>
        </test-method> <!-- searchemployeebyname -->
        <test-method signature="ListEmployees()[pri:5, instance:Demo.OrangeHr@6fdbe764]" started-at="2024-07-02T11:53:05 IST" name="ListEmployees" finished-at="2024-07-02T11:53:29 IST" duration-ms="23333" status="PASS">
          <reporter-output>
          </reporter-output>
        </test-method> <!-- ListEmployees -->
        <test-method is-config="true" signature="teardown()[pri:0, instance:Demo.OrangeHr@6fdbe764]" started-at="2024-07-02T11:53:29 IST" name="teardown" finished-at="2024-07-02T11:53:34 IST" duration-ms="5450" status="PASS">
          <reporter-output>
          </reporter-output>
        </test-method> <!-- teardown -->
      </class> <!-- Demo.OrangeHr -->
    </test> <!-- Default test -->
  </suite> <!-- Default suite -->
</testng-results>
